<?xml version="1.0" ?>
<testsuite name="FlaskTestCase-20230713054259" tests="4" time="0.007" failures="0" errors="0">
	<testcase classname="FlaskTestCase" name="test_about" time="0.004"/>
	<testcase classname="FlaskTestCase" name="test_capitalize" time="0.001"/>
	<testcase classname="FlaskTestCase" name="test_hello" time="0.000"/>
	<testcase classname="FlaskTestCase" name="test_invalid_route" time="0.001"/>
	<system-out><![CDATA[]]></system-out>
	<system-err><![CDATA[]]></system-err>
	
</testsuite>
