<?xml version="1.0" encoding="UTF-8"?>
<testsuite name="FlaskTestCase-20230713113801" tests="4" file=".py" time="0.027" timestamp="2023-07-13T11:38:01" failures="0" errors="0" skipped="0">
	<testcase classname="FlaskTestCase" name="test_about" time="0.020" timestamp="2023-07-13T11:38:01" file="test_app.py" line="15"/>
	<testcase classname="FlaskTestCase" name="test_capitalize" time="0.004" timestamp="2023-07-13T11:38:01" file="test_app.py" line="20"/>
	<testcase classname="FlaskTestCase" name="test_hello" time="0.001" timestamp="2023-07-13T11:38:01" file="test_app.py" line="10"/>
	<testcase classname="FlaskTestCase" name="test_invalid_route" time="0.002" timestamp="2023-07-13T11:38:01" file="test_app.py" line="35"/>
</testsuite>
